Arguments: 
  C:\Program Files\nodejs\node.exe C:\Program Files (x86)\Yarn\bin\yarn.js add --dev \

PATH: 
  C:\Program Files\Docker\Docker\Resources\bin;C:\Windows\system32;C:\Windows;C:\Windows\System32\Wbem;C:\Windows\System32\WindowsPowerShell\v1.0\;C:\Program Files\TortoiseHg\;C:\Program Files\Git\cmd;C:\Program Files (x86)\Yarn\bin;C:\Program Files\nodejs\;C:\Program Files (x86)\NVIDIA Corporation\PhysX\Common;C:\WINDOWS\system32;C:\WINDOWS;C:\WINDOWS\System32\Wbem;C:\WINDOWS\System32\WindowsPowerShell\v1.0\;C:\WINDOWS\System32\OpenSSH\;C:\Program Files\Microsoft VS Code\bin;C:\Program Files\TortoiseGit\bin;C:\Users\Yaroslav\AppData\Local\Programs\Python\Python35\Scripts\;C:\Users\Yaroslav\AppData\Local\Programs\Python\Python35\;C:\Users\Ярослав\AppData\Local\Microsoft\WindowsApps;C:\Users\Ярослав\AppData\Roaming\npm;C:\Users\Ярослав\AppData\Local\GitHubDesktop\bin;C:\Users\Yaroslav\AppData\Local\Yarn\bin;C:\Users\Yaroslav\AppData\Roaming\npm;%USERPROFILE%\AppData\Local\Microsoft\WindowsApps;

Yarn version: 
  1.3.2

Node version: 
  8.9.4

Platform: 
  win32 x64

npm manifest: 
  {
    "name": "webpack-4-tutorial",
    "version": "1.0.0",
    "description": "",
    "main": "index.js",
    "scripts": {
      "test": "echo \"Error: no test specified\" && exit 1",
      "dev": "webpack --mode development",
      "build": "webpack --mode production"
    },
    "author": "",
    "license": "ISC",
    "devDependencies": {
      "autoprefixer": "^9.1.5",
      "babel-core": "^6.26.3",
      "babel-loader": "^7.1.5",
      "babel-preset-env": "^1.7.0",
      "clean-webpack-plugin": "^0.1.19",
      "css-loader": "^1.0.0",
      "cssnano": "^4.1.0",
      "extract-text-webpack-plugin": "^4.0.0-beta.0",
      "html-webpack-plugin": "^3.2.0",
      "mini-css-extract-plugin": "^0.4.2",
      "node-sass": "^4.9.3",
      "postcss-loader": "^3.0.0",
      "sass-loader": "^7.1.0",
      "style-loader": "^0.23.0",
      "webpack": "^4.19.0",
      "webpack-cli": "^3.1.0",
      "webpack-md5-hash": "0.0.6"
    },
    "dependencies": {
      "postcss-import": "^12.0.0",
      "postcss-preset-env": "^5.3.0"
    }
  }

yarn manifest: 
  No manifest

Lockfile: 
  No lockfile

Trace: 
  Error: EPERM: operation not permitted, lstat 'C:\Config.Msi'
